C:\Users\ALAUR\Desktop\Luis Thomson\Lenguajes de Programacion\Traductor\tokenizer\Debug\tokenizer.exe
C:\Users\ALAUR\Desktop\Luis Thomson\Lenguajes de Programacion\Traductor\tokenizer\Debug\tokenizer.ilk
C:\Users\ALAUR\Desktop\Luis Thomson\Lenguajes de Programacion\Traductor\tokenizer\Debug\tokenizer.pdb
C:\Users\ALAUR\Desktop\Luis Thomson\Lenguajes de Programacion\Traductor\tokenizer\tokenizer\Debug\cl.command.1.tlog
C:\Users\ALAUR\Desktop\Luis Thomson\Lenguajes de Programacion\Traductor\tokenizer\tokenizer\Debug\CL.read.1.tlog
C:\Users\ALAUR\Desktop\Luis Thomson\Lenguajes de Programacion\Traductor\tokenizer\tokenizer\Debug\CL.write.1.tlog
C:\Users\ALAUR\Desktop\Luis Thomson\Lenguajes de Programacion\Traductor\tokenizer\tokenizer\Debug\link.26616.read.1.tlog
C:\Users\ALAUR\Desktop\Luis Thomson\Lenguajes de Programacion\Traductor\tokenizer\tokenizer\Debug\link.26616.write.1.tlog
C:\Users\ALAUR\Desktop\Luis Thomson\Lenguajes de Programacion\Traductor\tokenizer\tokenizer\Debug\link.26616-cvtres.read.1.tlog
C:\Users\ALAUR\Desktop\Luis Thomson\Lenguajes de Programacion\Traductor\tokenizer\tokenizer\Debug\link.26616-cvtres.write.1.tlog
C:\Users\ALAUR\Desktop\Luis Thomson\Lenguajes de Programacion\Traductor\tokenizer\tokenizer\Debug\link.command.1.tlog
C:\Users\ALAUR\Desktop\Luis Thomson\Lenguajes de Programacion\Traductor\tokenizer\tokenizer\Debug\link.read.1.tlog
C:\Users\ALAUR\Desktop\Luis Thomson\Lenguajes de Programacion\Traductor\tokenizer\tokenizer\Debug\link.write.1.tlog
C:\Users\ALAUR\Desktop\Luis Thomson\Lenguajes de Programacion\Traductor\tokenizer\tokenizer\Debug\link-cvtres.read.1.tlog
C:\Users\ALAUR\Desktop\Luis Thomson\Lenguajes de Programacion\Traductor\tokenizer\tokenizer\Debug\link-cvtres.write.1.tlog
C:\Users\ALAUR\Desktop\Luis Thomson\Lenguajes de Programacion\Traductor\tokenizer\tokenizer\Debug\mt.command.1.tlog
C:\Users\ALAUR\Desktop\Luis Thomson\Lenguajes de Programacion\Traductor\tokenizer\tokenizer\Debug\mt.read.1.tlog
C:\Users\ALAUR\Desktop\Luis Thomson\Lenguajes de Programacion\Traductor\tokenizer\tokenizer\Debug\mt.write.1.tlog
C:\Users\ALAUR\Desktop\Luis Thomson\Lenguajes de Programacion\Traductor\tokenizer\tokenizer\Debug\rc.command.1.tlog
C:\Users\ALAUR\Desktop\Luis Thomson\Lenguajes de Programacion\Traductor\tokenizer\tokenizer\Debug\rc.read.1.tlog
C:\Users\ALAUR\Desktop\Luis Thomson\Lenguajes de Programacion\Traductor\tokenizer\tokenizer\Debug\rc.write.1.tlog
C:\Users\ALAUR\Desktop\Luis Thomson\Lenguajes de Programacion\Traductor\tokenizer\tokenizer\Debug\stdafx.obj
C:\Users\ALAUR\Desktop\Luis Thomson\Lenguajes de Programacion\Traductor\tokenizer\tokenizer\Debug\tokenizer.exe.embed.manifest
C:\Users\ALAUR\Desktop\Luis Thomson\Lenguajes de Programacion\Traductor\tokenizer\tokenizer\Debug\tokenizer.exe.embed.manifest.res
C:\Users\ALAUR\Desktop\Luis Thomson\Lenguajes de Programacion\Traductor\tokenizer\tokenizer\Debug\tokenizer.exe.intermediate.manifest
C:\Users\ALAUR\Desktop\Luis Thomson\Lenguajes de Programacion\Traductor\tokenizer\tokenizer\Debug\tokenizer.obj
C:\Users\ALAUR\Desktop\Luis Thomson\Lenguajes de Programacion\Traductor\tokenizer\tokenizer\Debug\tokenizer.pch
C:\Users\ALAUR\Desktop\Luis Thomson\Lenguajes de Programacion\Traductor\tokenizer\tokenizer\Debug\tokenizer.write.1.tlog
C:\Users\ALAUR\Desktop\Luis Thomson\Lenguajes de Programacion\Traductor\tokenizer\tokenizer\Debug\tokenizer_manifest.rc
C:\Users\ALAUR\Desktop\Luis Thomson\Lenguajes de Programacion\Traductor\tokenizer\tokenizer\Debug\vc100.idb
C:\Users\ALAUR\Desktop\Luis Thomson\Lenguajes de Programacion\Traductor\tokenizer\tokenizer\Debug\vc100.pdb
C:\USERS\NICOL\DESKTOP\TOKENIZER\DEBUG\TOKENIZER.EXE
C:\USERS\NICOL\DESKTOP\TOKENIZER\DEBUG\TOKENIZER.ILK
C:\USERS\NICOL\DESKTOP\TOKENIZER\DEBUG\TOKENIZER.PDB
C:\USERS\NICOL\DESKTOP\TOKENIZER\TOKENIZER\DEBUG\STDAFX.OBJ
C:\USERS\NICOL\DESKTOP\TOKENIZER\TOKENIZER\DEBUG\TOKENIZER.EXE.EMBED.MANIFEST
C:\USERS\NICOL\DESKTOP\TOKENIZER\TOKENIZER\DEBUG\TOKENIZER.EXE.EMBED.MANIFEST.RES
C:\USERS\NICOL\DESKTOP\TOKENIZER\TOKENIZER\DEBUG\TOKENIZER.EXE.INTERMEDIATE.MANIFEST
C:\USERS\NICOL\DESKTOP\TOKENIZER\TOKENIZER\DEBUG\TOKENIZER.OBJ
C:\USERS\NICOL\DESKTOP\TOKENIZER\TOKENIZER\DEBUG\TOKENIZER.PCH
C:\USERS\NICOL\DESKTOP\TOKENIZER\TOKENIZER\DEBUG\VC100.PDB
