<<<<<<< HEAD
﻿Build started 06/11/2019 22:28:15.
     1>Project "C:\Users\ALAUR\Desktop\Luis Thomson\Lenguajes de Programacion\Traductor\tokenizer\tokenizer\tokenizer.vcxproj" on node 2 (rebuild target(s)).
=======
﻿Compilación iniciada a las 06/11/2019 02:46:09 p. m..
     1>Proyecto "C:\Users\nicol\Desktop\tokenizer\tokenizer\tokenizer.vcxproj" en el nodo 2 (rebuild destinos).
>>>>>>> 395f0838c7ef5bb043017c9b0d7119d3ac28d35e
     1>_PrepareForClean:
         Deleting file "Debug\tokenizer.lastbuildstate".
       InitializeBuildStatus:
<<<<<<< HEAD
         Creating "Debug\tokenizer.unsuccessfulbuild" because "AlwaysCreate" was specified.
       ClCompile:
         C:\Program Files (x86)\Microsoft Visual Studio 10.0\VC\bin\CL.exe /c /I"C:\Users\ALAUR\Desktop\Luis Thomson\Lenguajes de Programacion\Traductor\tokenizer\tokenizer\boost" /I"C:\Users\ALAUR\Desktop\Luis Thomson\Lenguajes de Programacion\Traductor\tokenizer\tokenizer\boost\boost" /ZI /nologo /W3 /WX- /Od /Oy- /D WIN32 /D _DEBUG /D _CONSOLE /D _UNICODE /D UNICODE /Gm /EHsc /RTC1 /MDd /GS /fp:precise /Zc:wchar_t /Zc:forScope /Yc"StdAfx.h" /Fp"Debug\tokenizer.pch" /Fo"Debug\\" /Fd"Debug\vc100.pdb" /Gd /TP /analyze- /errorReport:prompt stdafx.cpp
         stdafx.cpp
         C:\Program Files (x86)\Microsoft Visual Studio 10.0\VC\bin\CL.exe /c /I"C:\Users\ALAUR\Desktop\Luis Thomson\Lenguajes de Programacion\Traductor\tokenizer\tokenizer\boost" /I"C:\Users\ALAUR\Desktop\Luis Thomson\Lenguajes de Programacion\Traductor\tokenizer\tokenizer\boost\boost" /ZI /nologo /W3 /WX- /Od /Oy- /D WIN32 /D _DEBUG /D _CONSOLE /D _UNICODE /D UNICODE /Gm /EHsc /RTC1 /MDd /GS /fp:precise /Zc:wchar_t /Zc:forScope /Yu"StdAfx.h" /Fp"Debug\tokenizer.pch" /Fo"Debug\\" /Fd"Debug\vc100.pdb" /Gd /TP /analyze- /errorReport:prompt tokenizer.cpp
         tokenizer.cpp
     1>c:\users\alaur\desktop\luis thomson\lenguajes de programacion\traductor\tokenizer\tokenizer\tokenizer.cpp(73): warning C4996: 'getch': The POSIX name for this item is deprecated. Instead, use the ISO C++ conformant name: _getch. See online help for details.
                 c:\program files (x86)\microsoft visual studio 10.0\vc\include\conio.h(128) : see declaration of 'getch'
       Link:
         C:\Program Files (x86)\Microsoft Visual Studio 10.0\VC\bin\link.exe /ERRORREPORT:PROMPT /OUT:"C:\Users\ALAUR\Desktop\Luis Thomson\Lenguajes de Programacion\Traductor\tokenizer\Debug\tokenizer.exe" /INCREMENTAL:NO /NOLOGO /LIBPATH:"C:\Users\ALAUR\Desktop\Luis Thomson\Lenguajes de Programacion\Traductor\tokenizer\tokenizer\boost" /LIBPATH:"C:\Users\ALAUR\Desktop\Luis Thomson\Lenguajes de Programacion\Traductor\tokenizer\tokenizer\boost\boost" kernel32.lib user32.lib gdi32.lib winspool.lib comdlg32.lib advapi32.lib shell32.lib ole32.lib oleaut32.lib uuid.lib odbc32.lib odbccp32.lib /MANIFEST /ManifestFile:"Debug\tokenizer.exe.intermediate.manifest" /MANIFESTUAC:"level='asInvoker' uiAccess='false'" /DEBUG /PDB:"C:\Users\ALAUR\Desktop\Luis Thomson\Lenguajes de Programacion\Traductor\tokenizer\Debug\tokenizer.pdb" /SUBSYSTEM:CONSOLE /TLBID:1 /DYNAMICBASE /NXCOMPAT /IMPLIB:"C:\Users\ALAUR\Desktop\Luis Thomson\Lenguajes de Programacion\Traductor\tokenizer\Debug\tokenizer.lib" /MACHINE:X86 Debug\stdafx.obj
         Debug\tokenizer.obj
     1>stdafx.obj : warning LNK4075: ignoring '/EDITANDCONTINUE' due to '/INCREMENTAL:NO' specification
         tokenizer.vcxproj -> C:\Users\ALAUR\Desktop\Luis Thomson\Lenguajes de Programacion\Traductor\tokenizer\Debug\tokenizer.exe
       Manifest:
         C:\Program Files (x86)\Microsoft SDKs\Windows\v7.0A\bin\mt.exe /nologo /verbose /outputresource:"C:\Users\ALAUR\Desktop\Luis Thomson\Lenguajes de Programacion\Traductor\tokenizer\Debug\tokenizer.exe;#1" /manifest Debug\tokenizer.exe.intermediate.manifest
       FinalizeBuildStatus:
         Deleting file "Debug\tokenizer.unsuccessfulbuild".
         Touching "Debug\tokenizer.lastbuildstate".
     1>Done Building Project "C:\Users\ALAUR\Desktop\Luis Thomson\Lenguajes de Programacion\Traductor\tokenizer\tokenizer\tokenizer.vcxproj" (rebuild target(s)).

Build succeeded.

Time Elapsed 00:00:05.77
=======
         Se creará "Debug\tokenizer.unsuccessfulbuild" porque se especificó "AlwaysCreate".
       ClCompile:
         c:\Program Files (x86)\Microsoft Visual Studio 10.0\VC\bin\CL.exe /c /IC:\Users\nicol\Desktop\tokenizer\tokenizer\boost /ZI /nologo /W3 /WX- /Od /Oy- /D WIN32 /D _DEBUG /D _CONSOLE /D _UNICODE /D UNICODE /Gm /EHsc /RTC1 /MDd /GS /fp:precise /Zc:wchar_t /Zc:forScope /Yc"StdAfx.h" /Fp"Debug\tokenizer.pch" /Fo"Debug\\" /Fd"Debug\vc100.pdb" /Gd /TP /analyze- /errorReport:prompt stdafx.cpp
         stdafx.cpp
         c:\Program Files (x86)\Microsoft Visual Studio 10.0\VC\bin\CL.exe /c /IC:\Users\nicol\Desktop\tokenizer\tokenizer\boost /ZI /nologo /W3 /WX- /Od /Oy- /D WIN32 /D _DEBUG /D _CONSOLE /D _UNICODE /D UNICODE /Gm /EHsc /RTC1 /MDd /GS /fp:precise /Zc:wchar_t /Zc:forScope /Yu"StdAfx.h" /Fp"Debug\tokenizer.pch" /Fo"Debug\\" /Fd"Debug\vc100.pdb" /Gd /TP /analyze- /errorReport:prompt tokenizer.cpp
         tokenizer.cpp
     1>c:\users\nicol\desktop\tokenizer\tokenizer\tokenizer.cpp(78): warning C4996: 'getch': The POSIX name for this item is deprecated. Instead, use the ISO C++ conformant name: _getch. See online help for details.
                 c:\program files (x86)\microsoft visual studio 10.0\vc\include\conio.h(128) : vea la declaración de 'getch'
       ManifestResourceCompile:
         c:\Program Files (x86)\Microsoft SDKs\Windows\v7.0A\bin\rc.exe /nologo /fo"Debug\tokenizer.exe.embed.manifest.res" Debug\tokenizer_manifest.rc 
       Link:
         c:\Program Files (x86)\Microsoft Visual Studio 10.0\VC\bin\link.exe /ERRORREPORT:PROMPT /OUT:"C:\Users\nicol\Desktop\tokenizer\Debug\tokenizer.exe" /INCREMENTAL /NOLOGO kernel32.lib user32.lib gdi32.lib winspool.lib comdlg32.lib advapi32.lib shell32.lib ole32.lib oleaut32.lib uuid.lib odbc32.lib odbccp32.lib /MANIFEST /ManifestFile:"Debug\tokenizer.exe.intermediate.manifest" /MANIFESTUAC:"level='asInvoker' uiAccess='false'" /DEBUG /PDB:"C:\Users\nicol\Desktop\tokenizer\Debug\tokenizer.pdb" /SUBSYSTEM:CONSOLE /TLBID:1 /DYNAMICBASE /NXCOMPAT /IMPLIB:"C:\Users\nicol\Desktop\tokenizer\Debug\tokenizer.lib" /MACHINE:X86 Debug\tokenizer.exe.embed.manifest.res
         Debug\stdafx.obj
         Debug\tokenizer.obj
       Manifest:
         Se eliminará el archivo "Debug\tokenizer.exe.embed.manifest".
         c:\Program Files (x86)\Microsoft SDKs\Windows\v7.0A\bin\mt.exe /nologo /verbose /out:"Debug\tokenizer.exe.embed.manifest" /manifest Debug\tokenizer.exe.intermediate.manifest
         c:\Program Files (x86)\Microsoft SDKs\Windows\v7.0A\bin\rc.exe /nologo /fo"Debug\tokenizer.exe.embed.manifest.res" Debug\tokenizer_manifest.rc 
       LinkEmbedManifest:
         c:\Program Files (x86)\Microsoft Visual Studio 10.0\VC\bin\link.exe /ERRORREPORT:PROMPT /OUT:"C:\Users\nicol\Desktop\tokenizer\Debug\tokenizer.exe" /INCREMENTAL /NOLOGO kernel32.lib user32.lib gdi32.lib winspool.lib comdlg32.lib advapi32.lib shell32.lib ole32.lib oleaut32.lib uuid.lib odbc32.lib odbccp32.lib /MANIFEST /ManifestFile:"Debug\tokenizer.exe.intermediate.manifest" /MANIFESTUAC:"level='asInvoker' uiAccess='false'" /DEBUG /PDB:"C:\Users\nicol\Desktop\tokenizer\Debug\tokenizer.pdb" /SUBSYSTEM:CONSOLE /TLBID:1 /DYNAMICBASE /NXCOMPAT /IMPLIB:"C:\Users\nicol\Desktop\tokenizer\Debug\tokenizer.lib" /MACHINE:X86 Debug\tokenizer.exe.embed.manifest.res
         Debug\stdafx.obj
         Debug\tokenizer.obj
         tokenizer.vcxproj -> C:\Users\nicol\Desktop\tokenizer\Debug\tokenizer.exe
       FinalizeBuildStatus:
         Se eliminará el archivo "Debug\tokenizer.unsuccessfulbuild".
         Aplicando tarea Touch a "Debug\tokenizer.lastbuildstate".
     1>Compilación del proyecto terminada "C:\Users\nicol\Desktop\tokenizer\tokenizer\tokenizer.vcxproj" (rebuild destinos).

Compilación correcta.

Tiempo transcurrido 00:00:04.98
>>>>>>> 395f0838c7ef5bb043017c9b0d7119d3ac28d35e
